processor       : 0
cpu             : POWER9 (architected), altivec supported
clock           : 2200.000000MHz
revision        : 2.2 (pvr 004e 1202)

processor       : 1
cpu             : POWER9 (architected), altivec supported
clock           : 2200.000000MHz
revision        : 2.2 (pvr 004e 1202)

processor       : 2
cpu             : POWER9 (architected), altivec supported
clock           : 2200.000000MHz
revision        : 2.2 (pvr 004e 1202)

processor       : 3
cpu             : POWER9 (architected), altivec supported
clock           : 2200.000000MHz
revision        : 2.2 (pvr 004e 1202)

processor       : 4
cpu             : POWER9 (architected), altivec supported
clock           : 2200.000000MHz
revision        : 2.2 (pvr 004e 1202)

processor       : 5
cpu             : POWER9 (architected), altivec supported
clock           : 2200.000000MHz
revision        : 2.2 (pvr 004e 1202)

processor       : 6
cpu             : POWER9 (architected), altivec supported
clock           : 2200.000000MHz
revision        : 2.2 (pvr 004e 1202)

processor       : 7
cpu             : POWER9 (architected), altivec supported
clock           : 2200.000000MHz
revision        : 2.2 (pvr 004e 1202)

processor       : 8
cpu             : POWER9 (architected), altivec supported
clock           : 2200.000000MHz
revision        : 2.2 (pvr 004e 1202)

processor       : 9
cpu             : POWER9 (architected), altivec supported
clock           : 2200.000000MHz
revision        : 2.2 (pvr 004e 1202)

processor       : 10
cpu             : POWER9 (architected), altivec supported
clock           : 2200.000000MHz
revision        : 2.2 (pvr 004e 1202)

processor       : 11
cpu             : POWER9 (architected), altivec supported
clock           : 2200.000000MHz
revision        : 2.2 (pvr 004e 1202)

processor       : 12
cpu             : POWER9 (architected), altivec supported
clock           : 2200.000000MHz
revision        : 2.2 (pvr 004e 1202)

processor       : 13
cpu             : POWER9 (architected), altivec supported
clock           : 2200.000000MHz
revision        : 2.2 (pvr 004e 1202)

processor       : 14
cpu             : POWER9 (architected), altivec supported
clock           : 2200.000000MHz
revision        : 2.2 (pvr 004e 1202)

processor       : 15
cpu             : POWER9 (architected), altivec supported
clock           : 2200.000000MHz
revision        : 2.2 (pvr 004e 1202)

timebase        : 512000000
platform        : pSeries
model           : IBM pSeries (emulated by qemu)
machine         : CHRP IBM pSeries (emulated by qemu)
MMU             : Radix
