processor       : 0
cpu             : POWER8 (architected), altivec supported
clock           : 3425.000000MHz
revision        : 2.1 (pvr 004b 0201)

processor       : 1
cpu             : POWER8 (architected), altivec supported
clock           : 3425.000000MHz
revision        : 2.1 (pvr 004b 0201)

processor       : 2
cpu             : POWER8 (architected), altivec supported
clock           : 3425.000000MHz
revision        : 2.1 (pvr 004b 0201)

processor       : 3
cpu             : POWER8 (architected), altivec supported
clock           : 3425.000000MHz
revision        : 2.1 (pvr 004b 0201)

processor       : 4
cpu             : POWER8 (architected), altivec supported
clock           : 3425.000000MHz
revision        : 2.1 (pvr 004b 0201)

processor       : 5
cpu             : POWER8 (architected), altivec supported
clock           : 3425.000000MHz
revision        : 2.1 (pvr 004b 0201)

processor       : 6
cpu             : POWER8 (architected), altivec supported
clock           : 3425.000000MHz
revision        : 2.1 (pvr 004b 0201)

processor       : 7
cpu             : POWER8 (architected), altivec supported
clock           : 3425.000000MHz
revision        : 2.1 (pvr 004b 0201)

processor       : 8
cpu             : POWER8 (architected), altivec supported
clock           : 3425.000000MHz
revision        : 2.1 (pvr 004b 0201)

processor       : 9
cpu             : POWER8 (architected), altivec supported
clock           : 3425.000000MHz
revision        : 2.1 (pvr 004b 0201)

processor       : 10
cpu             : POWER8 (architected), altivec supported
clock           : 3425.000000MHz
revision        : 2.1 (pvr 004b 0201)

processor       : 11
cpu             : POWER8 (architected), altivec supported
clock           : 3425.000000MHz
revision        : 2.1 (pvr 004b 0201)

processor       : 12
cpu             : POWER8 (architected), altivec supported
clock           : 3425.000000MHz
revision        : 2.1 (pvr 004b 0201)

processor       : 13
cpu             : POWER8 (architected), altivec supported
clock           : 3425.000000MHz
revision        : 2.1 (pvr 004b 0201)

processor       : 14
cpu             : POWER8 (architected), altivec supported
clock           : 3425.000000MHz
revision        : 2.1 (pvr 004b 0201)

processor       : 15
cpu             : POWER8 (architected), altivec supported
clock           : 3425.000000MHz
revision        : 2.1 (pvr 004b 0201)

timebase        : 512000000
platform        : pSeries
model           : IBM pSeries (emulated by qemu)
machine         : CHRP IBM pSeries (emulated by qemu)
