processor       : 0
vendor_id       : GenuineIntel
cpu family      : 6
model           : 26
model name      : Intel(R) Xeon(R) CPU           L5520  @ 2.27GHz
stepping        : 5
microcode       : 0x19
cpu MHz         : 2266.542
cache size      : 8192 KB
physical id     : 0
siblings        : 4
core id         : 0
cpu cores       : 1
apicid          : 0
initial apicid  : 0
fpu             : yes
fpu_exception   : yes
cpuid level     : 11
wp              : yes
flags           : fpu de tsc msr pae cx8 sep cmov pat clflush mmx fxsr sse sse2 ss ht syscall nx lm constant_tsc rep_good nopl nonstop_tsc eagerfpu pni ssse3 cx16 sse4_1 sse4_2 popcnt hypervisor lahf_lm
bogomips        : 4533.49
clflush size    : 64
cache_alignment : 64
address sizes   : 40 bits physical, 48 bits virtual
power management:

processor       : 1
vendor_id       : GenuineIntel
cpu family      : 6
model           : 26
model name      : Intel(R) Xeon(R) CPU           L5520  @ 2.27GHz
stepping        : 5
microcode       : 0x19
cpu MHz         : 2266.542
cache size      : 8192 KB
physical id     : 0
siblings        : 4
core id         : 0
cpu cores       : 1
apicid          : 0
initial apicid  : 0
fpu             : yes
fpu_exception   : yes
cpuid level     : 11
wp              : yes
flags           : fpu de tsc msr pae cx8 sep cmov pat clflush mmx fxsr sse sse2 ss ht syscall nx lm constant_tsc rep_good nopl nonstop_tsc eagerfpu pni ssse3 cx16 sse4_1 sse4_2 popcnt hypervisor lahf_lm
bogomips        : 4533.49
clflush size    : 64
cache_alignment : 64
address sizes   : 40 bits physical, 48 bits virtual
power management:

processor       : 2
vendor_id       : GenuineIntel
cpu family      : 6
model           : 26
model name      : Intel(R) Xeon(R) CPU           L5520  @ 2.27GHz
stepping        : 5
microcode       : 0x19
cpu MHz         : 2266.542
cache size      : 8192 KB
physical id     : 0
siblings        : 4
core id         : 0
cpu cores       : 1
apicid          : 0
initial apicid  : 0
fpu             : yes
fpu_exception   : yes
cpuid level     : 11
wp              : yes
flags           : fpu de tsc msr pae cx8 sep cmov pat clflush mmx fxsr sse sse2 ss ht syscall nx lm constant_tsc rep_good nopl nonstop_tsc eagerfpu pni ssse3 cx16 sse4_1 sse4_2 popcnt hypervisor lahf_lm
bogomips        : 4533.49
clflush size    : 64
cache_alignment : 64
address sizes   : 40 bits physical, 48 bits virtual
power management:

processor       : 3
vendor_id       : GenuineIntel
cpu family      : 6
model           : 26
model name      : Intel(R) Xeon(R) CPU           L5520  @ 2.27GHz
stepping        : 5
microcode       : 0x19
cpu MHz         : 2266.542
cache size      : 8192 KB
physical id     : 0
siblings        : 4
core id         : 0
cpu cores       : 1
apicid          : 0
initial apicid  : 0
fpu             : yes
fpu_exception   : yes
cpuid level     : 11
wp              : yes
flags           : fpu de tsc msr pae cx8 sep cmov pat clflush mmx fxsr sse sse2 ss ht syscall nx lm constant_tsc rep_good nopl nonstop_tsc eagerfpu pni ssse3 cx16 sse4_1 sse4_2 popcnt hypervisor lahf_lm
bogomips        : 4533.49
clflush size    : 64
cache_alignment : 64
address sizes   : 40 bits physical, 48 bits virtual
power management:

