platform "centos-5.9"
arch "x86"
env []
params "lsmod"
stdout "Module                  Size  Used by\nvboxsf                 43600  2 \nautofs4                28741  3 \nlockd                  63209  0 \nsunrpc                149373  2 lockd\nbe2iscsi               60629  0 \nib_iser                35609  0 \nrdma_cm                39929  1 ib_iser\nib_cm                  38061  1 rdma_cm\niw_cm                  13253  1 rdma_cm\nib_sa                  40117  2 rdma_cm,ib_cm\nib_mad                 38741  2 ib_cm,ib_sa\nib_core                65985  6 ib_iser,rdma_cm,ib_cm,iw_cm,ib_sa,ib_mad\nib_addr                12741  1 rdma_cm\niscsi_tcp              20041  0 \nbnx2i                  47325  0 \ncnic                   52309  1 bnx2i\nipv6                  273057  13 rdma_cm,ib_addr,cnic\nxfrm_nalgo             13381  1 ipv6\ncrypto_api             12609  1 xfrm_nalgo\nuio                    14793  1 cnic\ncxgb3i                 31177  0 \nlibcxgbi               54477  1 cxgb3i\ncxgb3                 168985  1 cxgb3i\n8021q                  26313  1 cxgb3\nlibiscsi_tcp           22213  3 iscsi_tcp,cxgb3i,libcxgbi\nlibiscsi2              42693  7 be2iscsi,ib_iser,iscsi_tcp,bnx2i,cxgb3i,libcxgbi,libiscsi_tcp\nscsi_transport_iscsi2    37709  8 be2iscsi,ib_iser,iscsi_tcp,bnx2i,libcxgbi,libiscsi2\nscsi_transport_iscsi     6085  1 scsi_transport_iscsi2\ndm_multipath           27213  0 \nscsi_dh                12481  1 dm_multipath\nvideo                  21193  0 \nbacklight              10049  1 video\nsbs                    18533  0 \npower_meter            16461  0 \nhwmon                   7365  1 power_meter\ni2c_ec                  9025  1 sbs\ndell_wmi                8401  0 \nwmi                    12137  1 dell_wmi\nbutton                 10705  0 \nbattery                13637  0 \nasus_acpi              19289  0 \nac                      9157  0 \nlp                     15849  0 \nsg                     36973  0 \nparport_pc             29669  0 \nparport                37513  2 lp,parport_pc\nvboxguest             201480  2 vboxsf\ni2c_piix4              13133  0 \ni2c_core               24897  2 i2c_ec,i2c_piix4\npcspkr                  7105  0 \nide_cd                 40161  0 \nserio_raw              10693  0 \ncdrom                  36577  1 ide_cd\ntpm_tis                16713  0 \ntpm                    19041  1 tpm_tis\ntpm_bios               11073  1 tpm\ne1000                 120285  0 \ndm_raid45              67273  0 \ndm_message              6977  1 dm_raid45\ndm_region_hash         15681  1 dm_raid45\ndm_mem_cache            9537  1 dm_raid45\ndm_snapshot            23653  0 \ndm_zero                 6209  0 \ndm_mirror              24393  0 \ndm_log                 14785  3 dm_raid45,dm_region_hash,dm_mirror\ndm_mod                 63993  11 dm_multipath,dm_raid45,dm_snapshot,dm_zero,dm_mirror,dm_log\nata_piix               23749  0 \nahci                   39245  2 \nlibata                158085  2 ata_piix,ahci\nsd_mod                 25409  3 \nscsi_mod              144277  11 be2iscsi,ib_iser,iscsi_tcp,bnx2i,libcxgbi,libiscsi2,scsi_transport_iscsi2,scsi_dh,sg,libata,sd_mod\next3                  126281  2 \njbd                    57705  1 ext3\nuhci_hcd               25421  0 \nohci_hcd               24937  0 \nehci_hcd               34509  0 \n"
stderr ""
exit_status 0

platform "centos-5.9"
arch "x64"
env []
params "lsmod"
stdout "Module                  Size  Used by\nvboxsf                 73456  2 \nautofs4                62153  3 \nlockd                 101425  0 \nsunrpc                203273  2 lockd\nbe2iscsi               95837  0 \nib_iser                68161  0 \nrdma_cm                73301  1 ib_iser\nib_cm                  71273  1 rdma_cm\niw_cm                  43593  1 rdma_cm\nib_sa                  76233  2 rdma_cm,ib_cm\nib_mad                 72037  2 ib_cm,ib_sa\nib_core               107841  6 ib_iser,rdma_cm,ib_cm,iw_cm,ib_sa,ib_mad\nib_addr                42697  1 rdma_cm\niscsi_tcp              50893  0 \nbnx2i                  82017  0 \ncnic                   86761  1 bnx2i\nipv6                  438241  13 rdma_cm,ib_addr,cnic\nxfrm_nalgo             43333  1 ipv6\ncrypto_api             42945  1 xfrm_nalgo\nuio                    45777  1 cnic\ncxgb3i                 64849  0 \nlibcxgbi               91597  1 cxgb3i\ncxgb3                 217521  1 cxgb3i\n8021q                  58961  1 cxgb3\nlibiscsi_tcp           53573  3 iscsi_tcp,cxgb3i,libcxgbi\nlibiscsi2              77765  7 be2iscsi,ib_iser,iscsi_tcp,bnx2i,cxgb3i,libcxgbi,libiscsi_tcp\nscsi_transport_iscsi2    73945  8 be2iscsi,ib_iser,iscsi_tcp,bnx2i,libcxgbi,libiscsi2\nscsi_transport_iscsi    35017  1 scsi_transport_iscsi2\ndm_multipath           58969  0 \nscsi_dh                42561  1 dm_multipath\nvideo                  53197  0 \nbacklight              39873  1 video\nsbs                    49921  0 \npower_meter            47053  0 \nhwmon                  36553  1 power_meter\ni2c_ec                 38593  1 sbs\ndell_wmi               37601  0 \nwmi                    41985  1 dell_wmi\nbutton                 40545  0 \nbattery                43849  0 \nasus_acpi              50917  0 \nacpi_memhotplug        40517  0 \nac                     38729  0 \nlp                     47121  0 \nsg                     71033  0 \nvboxguest             264716  2 vboxsf\ntpm_tis                48077  0 \ntpm                    50273  1 tpm_tis\ntpm_bios               40897  1 tpm\nparport_pc             62952  0 \nide_cd                 73825  0 \nparport                73165  2 lp,parport_pc\ni2c_piix4              43725  0 \ni2c_core               57537  2 i2c_ec,i2c_piix4\nserio_raw              40517  0 \ne1000                 162793  0 \ncdrom                  68713  1 ide_cd\npcspkr                 36289  0 \ndm_raid45              99785  0 \ndm_message             36289  1 dm_raid45\ndm_region_hash         46145  1 dm_raid45\ndm_mem_cache           38977  1 dm_raid45\ndm_snapshot            52233  0 \ndm_zero                35265  0 \ndm_mirror              54737  0 \ndm_log                 44993  3 dm_raid45,dm_region_hash,dm_mirror\ndm_mod                102417  11 dm_multipath,dm_raid45,dm_snapshot,dm_zero,dm_mirror,dm_log\nata_piix               57285  0 \nahci                   74317  2 \nlibata                210769  2 ata_piix,ahci\nsd_mod                 56513  3 \nscsi_mod              199641  11 be2iscsi,ib_iser,iscsi_tcp,bnx2i,libcxgbi,libiscsi2,scsi_transport_iscsi2,scsi_dh,sg,libata,sd_mod\next3                  169937  2 \njbd                    95025  1 ext3\nuhci_hcd               57433  0 \nohci_hcd               56181  0 \nehci_hcd               66765  0 \n"
stderr ""
exit_status 0

platform "centos-6.4"
arch "x86"
env []
params "lsmod"
stdout "Module                  Size  Used by\nvboxvideo               1313  0 \ndrm                   215850  1 vboxvideo\nvboxsf                 36672  2 \nipv6                  264059  12 \nppdev                   7297  0 \nparport_pc             19086  0 \nparport                29925  2 ppdev,parport_pc\nmicrocode              12216  0 \ni2c_piix4              11156  0 \ni2c_core               25632  2 drm,i2c_piix4\nvboxguest             194987  2 vboxsf\ne1000                 149778  0 \nsg                     24038  0 \next4                  328781  2 \nmbcache                 6017  1 ext4\njbd2                   74118  1 ext4\nsr_mod                 13282  0 \ncdrom                  33416  1 sr_mod\nsd_mod                 34923  3 \ncrc_t10dif              1217  1 sd_mod\npata_acpi               2513  0 \nata_generic             2805  0 \nata_piix               20413  0 \nahci                   34601  2 \ndm_mirror              11774  0 \ndm_region_hash          9644  1 dm_mirror\ndm_log                  8354  2 dm_mirror,dm_region_hash\ndm_mod                 68755  8 dm_mirror,dm_log\n"
stderr ""
exit_status 0

platform "centos-6.4"
arch "x64"
env []
params "lsmod"
stdout "Module                  Size  Used by\nvboxvideo               2101  0 \ndrm                   265638  1 vboxvideo\nvboxsf                 37454  2 \nipv6                  321422  12 \nppdev                   8537  0 \nparport_pc             22690  0 \nparport                36209  2 ppdev,parport_pc\nmicrocode             112653  0 \ni2c_piix4              12608  0 \ni2c_core               31084  2 drm,i2c_piix4\nvboxguest             243989  2 vboxsf\ne1000                 170646  0 \nsg                     29350  0 \next4                  363408  2 \nmbcache                 8193  1 ext4\njbd2                   90230  1 ext4\nsd_mod                 38976  3 \ncrc_t10dif              1541  1 sd_mod\nsr_mod                 15177  0 \ncdrom                  39085  1 sr_mod\nahci                   41127  2 \npata_acpi               3701  0 \nata_generic             3837  0 \nata_piix               24121  0 \ndm_mirror              14133  0 \ndm_region_hash         12085  1 dm_mirror\ndm_log                  9930  2 dm_mirror,dm_region_hash\ndm_mod                 82839  8 dm_mirror,dm_log\n"
stderr ""
exit_status 0

platform "ubuntu-10.04"
arch "x86"
env []
params "lsmod"
stdout "Module                  Size  Used by\nnls_cp437               4919  2 \nvboxvideo               1228  0 \ndrm                   163747  1 vboxvideo\nagpgart                31724  1 drm\nvboxsf                 37856  2 \ndm_crypt               11331  0 \nppdev                   5259  0 \nparport_pc             25962  0 \nlp                      7028  0 \nvboxguest             199361  2 vboxsf\npsmouse                63677  0 \ni2c_piix4               8335  0 \nparport                32635  3 ppdev,parport_pc,lp\nserio_raw               3978  0 \nfbcon                  35102  71 \ntileblit                1999  1 fbcon\nfont                    7557  1 fbcon\nbitblit                 4707  1 fbcon\nsoftcursor              1189  1 bitblit\nvga16fb                11385  1 \nvgastate                8961  1 vga16fb\ne1000                  97435  0 \nahci                   32680  2 \n"
stderr ""
exit_status 0

platform "ubuntu-10.04"
arch "x64"
env []
params "lsmod"
stdout "Module                  Size  Used by\nnls_cp437               6351  2 \nvboxvideo               1932  0 \ndrm                   199968  1 vboxvideo\nvboxsf                 38636  2 \ndm_crypt               13043  0 \nppdev                   6375  0 \nlp                      9336  0 \nparport_pc             29958  0 \npsmouse                65040  0 \nserio_raw               4950  0 \nparport                37160  3 ppdev,lp,parport_pc\nvboxguest             230150  2 vboxsf\ni2c_piix4               9639  0 \nfbcon                  39270  71 \ntileblit                2487  1 fbcon\nfont                    8053  1 fbcon\nbitblit                 5811  1 fbcon\nsoftcursor              1565  1 bitblit\nahci                   38350  2 \ne1000                 109015  0 \nvga16fb                12757  1 \nvgastate                9857  1 vga16fb\n"
stderr ""
exit_status 0

platform "ubuntu-12.04"
arch "x86"
env []
params "lsmod"
stdout "Module                  Size  Used by\nvboxvideo              12540  0 \ndrm                   240232  1 vboxvideo\nvboxsf                 42521  2 \ndm_crypt               22572  0 \nppdev                  12850  0 \nmicrocode              18396  0 \nparport_pc             32115  0 \npsmouse                91022  0 \nserio_raw              13032  0 \ni2c_piix4              13094  0 \nmac_hid                13078  0 \nvboxguest             202291  2 vboxsf\next2                   67991  1 \nlp                     17456  0 \nparport                40931  3 ppdev,parport_pc,lp\nvesafb                 13518  1 \ne1000                 101894  0 \n"
stderr ""
exit_status 0

platform "ubuntu-12.04"
arch "x64"
env []
params "lsmod"
stdout "Module                  Size  Used by\nvboxvideo              12612  0 \ndrm                   290344  1 vboxvideo\nvboxsf                 43769  2 \ndm_crypt               23126  0 \nppdev                  17114  0 \npsmouse               102075  0 \nserio_raw              13216  0 \nmicrocode              23030  0 \nparport_pc             32867  0 \nmac_hid                13254  0 \nvboxguest             231265  2 vboxsf\next2                   73799  1 \ni2c_piix4              13302  0 \nlp                     17800  0 \nparport                46563  3 ppdev,parport_pc,lp\nvesafb                 13846  1 \ne1000                 116911  0 \n"
stderr ""
exit_status 0

platform "ubuntu-13.04"
arch "x64"
env []
params "lsmod"
stdout "Module                  Size  Used by\nvboxvideo              12611  0 \ndrm                   286313  1 vboxvideo\nvboxsf                 39557  2 \ndm_crypt               22820  0 \nppdev                  17073  0 \nmicrocode              22881  0 \npsmouse                95870  0 \nserio_raw              13215  0 \nmac_hid                13205  0 \nparport_pc             28152  0 \ni2c_piix4              13266  0 \nvboxguest             231397  2 vboxsf\next2                   72837  1 \nlp                     17759  0 \nparport                46345  3 lp,ppdev,parport_pc\nvesafb                 13828  1 \nahci                   25731  2 \ne1000                 114507  0 \nlibahci                31364  1 ahci\n"
stderr ""
exit_status 0
