Architecture:          x86_64
CPU op-mode(s):        32-bit, 64-bit
Byte Order:            Little Endian
CPU(s):                4
On-line CPU(s) list:   0-3
Thread(s) per core:    1
Core(s) per socket:    1
Socket(s):             4
NUMA node(s):          1
Vendor ID:             GenuineIntel
CPU family:            6
Model:                 13
Model name:            QEMU Virtual CPU version 2.5+
Stepping:              3
CPU MHz:               3324.998
BogoMIPS:              6649.99
Hypervisor vendor:     KVM
Virtualization type:   full
L1d cache:             32K
L1i cache:             32K
L2 cache:              4096K
L3 cache:              16384K
NUMA node0 CPU(s):     0-3
Flags:                 fpu de pse tsc msr pae mce cx8 apic sep mtrr pge mca cmov pse36 clflush mmx fxsr sse sse2 syscall nx lm rep_good nopl xtopology eagerfpu pni cx16 x2apic hypervisor lahf_lm
