Architecture:                    x86_64
CPU op-mode(s):                  32-bit, 64-bit
Address sizes:                   46 bits physical, 48 bits virtual
Byte Order:                      Little Endian
CPU(s):                          2
On-line CPU(s) list:             0,1
Vendor ID:                       GenuineIntel
BIOS Vendor ID:                  Red Hat
Model name:                      Intel Core Processor (Haswell, no TSX, IBRS)
BIOS Model name:                 RHEL 7.6.0 PC (i440FX + PIIX, 1996)
CPU family:                      6
Model:                           60
Thread(s) per core:              1
Core(s) per socket:              1
Socket(s):                       2
Stepping:                        1
BogoMIPS:                        4788.90
Flags:                           fpu vme de pse tsc msr pae mce cx8 apic sep mtrr pge mca cmov pat pse36 clflush mmx fxsr sse sse2 ss syscall nx pdpe1gb rdtscp lm constant_tsc rep_good nopl xtopology cpuid tsc_known_freq pni pclmulqdq vmx ssse3 fma cx16 pcid sse4_1 sse4_2 x2apic movbe popcnt tsc_deadline_timer aes xsave avx f16c rdrand hypervisor lahf_lm abm invpcid_single pti ssbd ibrs ibpb stibp tpr_shadow vnmi flexpriority ept vpid ept_ad fsgsbase tsc_adjust bmi1 avx2 smep bmi2 erms invpcid xsaveopt arat md_clear
Virtualization:                  VT-x
Hypervisor vendor:               KVM
Virtualization type:             full
L1d cache:                       64 KiB (2 instances)
L1i cache:                       64 KiB (2 instances)
L2 cache:                        8 MiB (2 instances)
L3 cache:                        32 MiB (2 instances)
NUMA node(s):                    1
NUMA node0 CPU(s):               0,1
Vulnerability Itlb multihit:     KVM: Mitigation: VMX disabled
Vulnerability L1tf:              Mitigation; PTE Inversion; VMX conditional cache flushes, SMT disabled
Vulnerability Mds:               Mitigation; Clear CPU buffers; SMT Host state unknown
Vulnerability Meltdown:          Mitigation; PTI
Vulnerability Mmio stale data:   Unknown: No mitigations
Vulnerability Retbleed:          Not affected
Vulnerability Spec store bypass: Mitigation; Speculative Store Bypass disabled via prctl
Vulnerability Spectre v1:        Mitigation; usercopy/swapgs barriers and __user pointer sanitization
Vulnerability Spectre v2:        Mitigation; Retpolines, IBPB conditional, IBRS_FW, STIBP disabled, RSB filling, PBRSB-eIBRS Not affected
Vulnerability Srbds:             Unknown: Dependent on hypervisor status
Vulnerability Tsx async abort:   Not affected
