Architecture:                    ppc64le
Byte Order:                      Little Endian
CPU(s):                          128
On-line CPU(s) list:             0-127
Model name:                      POWER9, altivec supported
Model:                           2.3 (pvr 004e 1203)
Thread(s) per core:              4
Core(s) per socket:              16
Socket(s):                       2
Frequency boost:                 enabled
CPU max MHz:                     3800.0000
CPU min MHz:                     2300.0000
L1d cache:                       1 MiB (32 instances)
L1i cache:                       1 MiB (32 instances)
L2 cache:                        8 MiB (16 instances)
L3 cache:                        160 MiB (16 instances)
NUMA node(s):                    6
NUMA node0 CPU(s):               0-63
NUMA node8 CPU(s):               64-127
NUMA node252 CPU(s):             
NUMA node253 CPU(s):             
NUMA node254 CPU(s):             
NUMA node255 CPU(s):             
Vulnerability Itlb multihit:     Not affected
Vulnerability L1tf:              Not affected
Vulnerability Mds:               Not affected
Vulnerability Meltdown:          Mitigation; RFI Flush, L1D private per thread
Vulnerability Mmio stale data:   Not affected
Vulnerability Retbleed:          Not affected
Vulnerability Spec store bypass: Mitigation; Kernel entry/exit barrier (eieio)
Vulnerability Spectre v1:        Mitigation; __user pointer sanitization, ori31 speculation barrier enabled
Vulnerability Spectre v2:        Mitigation; Software count cache flush (hardware accelerated), Software link stack flush
Vulnerability Srbds:             Not affected
Vulnerability Tsx async abort:   Not affected
