Architecture:          ppc64le
Byte Order:            Little Endian
CPU(s):                160
On-line CPU(s) list:   0,8,16,24,32,40,48,56,64,72,80,88,96,104,112,120,128,136,144,152
Off-line CPU(s) list:  1-7,9-15,17-23,25-31,33-39,41-47,49-55,57-63,65-71,73-79,81-87,89-95,97-103,105-111,113-119,121-127,129-135,137-143,145-151,153-159
Thread(s) per core:    1
Core(s) per socket:    5
Socket(s):             4
NUMA node(s):          4
Model:                 2.1 (pvr 004b 0201)
Model name:            POWER8E (raw), altivec supported
CPU max MHz:           3690.0000
CPU min MHz:           2061.0000
L1d cache:             64K
L1i cache:             32K
L2 cache:              512K
L3 cache:              8192K
NUMA node0 CPU(s):     0,8,16,24,32
NUMA node1 CPU(s):     40,48,56,64,72
NUMA node16 CPU(s):    80,88,96,104,112
NUMA node17 CPU(s):    120,128,136,144,152
