Architecture:                    x86_64
CPU op-mode(s):                  32-bit, 64-bit
Address sizes:                   40 bits physical, 48 bits virtual
Byte Order:                      Little Endian
CPU(s):                          12
On-line CPU(s) list:             0-11
Vendor ID:                       GenuineIntel
Model name:                      Intel(R) Xeon(R) CPU           X5680  @ 3.33GHz
CPU family:                      6
Model:                           44
Thread(s) per core:              1
Core(s) per socket:              6
Socket(s):                       2
Stepping:                        2
Frequency boost:                 enabled
CPU max MHz:                     3326.0000
CPU min MHz:                     1596.0000
BogoMIPS:                        6649.64
Flags:                           fpu vme de pse tsc msr pae mce cx8 apic sep mtrr pge mca cmov pat pse36 clflush dts acpi mmx fxsr sse sse2 ht tm pbe syscall nx pdpe1gb rdtscp lm constant_tsc arch_perfmon pebs bts rep_good nopl xtopology nonstop_tsc cpuid aperfmperf pni pclmulqdq dtes64 monitor ds_cpl vmx smx est tm2 ssse3 cx16 xtpr pdcm pcid dca sse4_1 sse4_2 popcnt aes lahf_lm epb pti ssbd ibrs ibpb stibp tpr_shadow vnmi flexpriority ept vpid dtherm ida arat flush_l1d
Virtualization:                  VT-x
L1d cache:                       384 KiB (12 instances)
L1i cache:                       384 KiB (12 instances)
L2 cache:                        3 MiB (12 instances)
L3 cache:                        24 MiB (2 instances)
NUMA node(s):                    2
NUMA node0 CPU(s):               0,2,4,6,8,10
NUMA node1 CPU(s):               1,3,5,7,9,11
Vulnerability Itlb multihit:     KVM: Mitigation: VMX disabled
Vulnerability L1tf:              Mitigation; PTE Inversion; VMX conditional cache flushes, SMT disabled
Vulnerability Mds:               Vulnerable: Clear CPU buffers attempted, no microcode; SMT disabled
Vulnerability Meltdown:          Mitigation; PTI
Vulnerability Mmio stale data:   Not affected
Vulnerability Retbleed:          Not affected
Vulnerability Spec store bypass: Mitigation; Speculative Store Bypass disabled via prctl
Vulnerability Spectre v1:        Mitigation; usercopy/swapgs barriers and __user pointer sanitization
Vulnerability Spectre v2:        Mitigation; Retpolines, IBPB conditional, IBRS_FW, RSB filling, PBRSB-eIBRS Not affected
Vulnerability Srbds:             Not affected
Vulnerability Tsx async abort:   Not affected
