Architecture:                    aarch64
CPU op-mode(s):                  32-bit, 64-bit
Byte Order:                      Little Endian
CPU(s):                          32
On-line CPU(s) list:             0-31
Vendor ID:                       APM
BIOS Vendor ID:                  Ampere(TM)
BIOS Model name:                 eMAG 
Model:                           2
Thread(s) per core:              1
Core(s) per socket:              32
Socket(s):                       1
Stepping:                        0x3
Frequency boost:                 disabled
CPU max MHz:                     3000.0000
CPU min MHz:                     375.0000
BogoMIPS:                        80.00
Flags:                           fp asimd evtstrm aes pmull sha1 sha2 crc32 cpuid
L1d cache:                       1 MiB (32 instances)
L1i cache:                       1 MiB (32 instances)
L2 cache:                        4 MiB (16 instances)
NUMA node(s):                    1
NUMA node0 CPU(s):               0-31
Vulnerability Itlb multihit:     Not affected
Vulnerability L1tf:              Not affected
Vulnerability Mds:               Not affected
Vulnerability Meltdown:          Mitigation; PTI
Vulnerability Mmio stale data:   Not affected
Vulnerability Retbleed:          Not affected
Vulnerability Spec store bypass: Vulnerable
Vulnerability Spectre v1:        Mitigation; __user pointer sanitization
Vulnerability Spectre v2:        Vulnerable
Vulnerability Srbds:             Not affected
Vulnerability Tsx async abort:   Not affected
