Architecture:        s390x
CPU op-mode(s):      32-bit, 64-bit
Byte Order:          Big Endian
CPU(s):              4
On-line CPU(s) list: 0-3
Thread(s) per core:  1
Core(s) per socket:  1
Socket(s) per book:  1
Book(s) per drawer:  1
Drawer(s):           4
NUMA node(s):        1
Vendor ID:           IBM/S390
Machine type:        8561
CPU dynamic MHz:     5200
CPU static MHz:      5200
BogoMIPS:            3241.00
Hypervisor:          KVM/Linux
Hypervisor vendor:   KVM
Virtualization type: full
Dispatching mode:    horizontal
L1d cache:           128K
L1i cache:           128K
L2d cache:           4096K
L2i cache:           4096K
L3 cache:            262144K
L4 cache:            983040K
NUMA node0 CPU(s):   0-3
Flags:               esan3 zarch stfle msa ldisp eimm dfp edat etf3eh highgprs te vx vxd vxe gs vxe2 vxp sort dflt
