Architecture:          x86_64
CPU op-mode(s):        32-bit, 64-bit
Byte Order:            Little Endian
CPU(s):                4
On-line CPU(s) list:   0-3
Thread(s) per core:    4
Core(s) per socket:    1
Socket(s):             1
NUMA node(s):          1
Vendor ID:             GenuineIntel
CPU family:            6
Model:                 26
Model name:            Intel(R) Xeon(R) CPU           L5520  @ 2.27GHz
Stepping:              5
CPU MHz:               2266.542
BogoMIPS:              4533.49
Hypervisor vendor:     Xen
Virtualization type:   para
L1d cache:             32K
L1i cache:             32K
L2 cache:              256K
L3 cache:              8192K
NUMA node0 CPU(s):     0-3
Flags:                 fpu de tsc msr pae cx8 sep cmov pat clflush mmx fxsr sse sse2 ss ht syscall nx lm constant_tsc rep_good nopl nonstop_tsc eagerfpu pni ssse3 cx16 sse4_1 sse4_2 popcnt hypervisor lahf_lm
