platform "centos-5.9"
arch "x86"
env []
params "-v"
stdout ""
stderr "bash: line 2: node: command not found\n"
exit_status 127

platform "centos-5.9"
arch "x86"
env ["nodejs"]
params "-v"
stdout ""
stderr "bash: line 2: node: command not found\n"
exit_status 127

platform "centos-5.9"
arch "x64"
env []
params "-v"
stdout ""
stderr "bash: line 2: node: command not found\n"
exit_status 127

platform "centos-5.9"
arch "x64"
env ["nodejs"]
params "-v"
stdout ""
stderr "bash: line 2: node: command not found\n"
exit_status 127

platform "centos-6.4"
arch "x86"
env []
params "-v"
stdout ""
stderr "bash: line 2: node: command not found\n"
exit_status 127

platform "centos-6.4"
arch "x86"
env ["nodejs"]
params "-v"
stdout "v0.10.2\n"
stderr ""
exit_status 0

platform "centos-6.4"
arch "x64"
env []
params "-v"
stdout ""
stderr "bash: line 2: node: command not found\n"
exit_status 127

platform "centos-6.4"
arch "x64"
env ["nodejs"]
params "-v"
stdout "v0.10.2\n"
stderr ""
exit_status 0

platform "ubuntu-10.04"
arch "x86"
env []
params "-v"
stdout ""
stderr "bash: line 2: node: command not found\n"
exit_status 127

platform "ubuntu-10.04"
arch "x86"
env ["nodejs"]
params "-v"
stdout "v0.10.2\n"
stderr ""
exit_status 0

platform "ubuntu-10.04"
arch "x64"
env []
params "-v"
stdout ""
stderr "bash: line 2: node: command not found\n"
exit_status 127

platform "ubuntu-10.04"
arch "x64"
env ["nodejs"]
params "-v"
stdout "v0.10.2\n"
stderr ""
exit_status 0

platform "ubuntu-12.04"
arch "x86"
env []
params "-v"
stdout ""
stderr "bash: line 2: node: command not found\n"
exit_status 127

platform "ubuntu-12.04"
arch "x86"
env ["nodejs"]
params "-v"
stdout "v0.10.2\n"
stderr ""
exit_status 0

platform "ubuntu-12.04"
arch "x64"
env []
params "-v"
stdout ""
stderr "bash: line 2: node: command not found\n"
exit_status 127

platform "ubuntu-12.04"
arch "x64"
env ["nodejs"]
params "-v"
stdout "v0.10.2\n"
stderr ""
exit_status 0

platform "ubuntu-13.04"
arch "x64"
env []
params "-v"
stdout ""
stderr "bash: line 2: node: command not found\n"
exit_status 127

platform "ubuntu-13.04"
arch "x64"
env ["nodejs"]
params "-v"
stdout "v0.10.2\n"
stderr ""
exit_status 0
