platform "centos-5.9"
arch "x86"
env []
params "-v"
stdout ""
stderr "bash: line 2: php: command not found\n"
exit_status 127

platform "centos-5.9"
arch "x86"
env ["php"]
params "-v"
stdout "PHP 5.3.3 (cli) (built: Jul 12 2013 16:55:54) \nCopyright (c) 1997-2010 The PHP Group\nZend Engine v2.3.0, Copyright (c) 1998-2010 Zend Technologies\n"
stderr ""
exit_status 0

platform "centos-5.9"
arch "x64"
env []
params "-v"
stdout ""
stderr "bash: line 2: php: command not found\n"
exit_status 127

platform "centos-5.9"
arch "x64"
env ["php"]
params "-v"
stdout "PHP 5.3.3 (cli) (built: Jul 12 2013 17:04:59) \nCopyright (c) 1997-2010 The PHP Group\nZend Engine v2.3.0, Copyright (c) 1998-2010 Zend Technologies\n"
stderr ""
exit_status 0

platform "centos-6.4"
arch "x86"
env []
params "-v"
stdout ""
stderr "bash: line 2: php: command not found\n"
exit_status 127

platform "centos-6.4"
arch "x86"
env ["php"]
params "-v"
stdout "PHP 5.3.3 (cli) (built: Jul 12 2013 20:21:47) \nCopyright (c) 1997-2010 The PHP Group\nZend Engine v2.3.0, Copyright (c) 1998-2010 Zend Technologies\n"
stderr ""
exit_status 0

platform "centos-6.4"
arch "x64"
env []
params "-v"
stdout ""
stderr "bash: line 2: php: command not found\n"
exit_status 127

platform "centos-6.4"
arch "x64"
env ["php"]
params "-v"
stdout "PHP 5.3.3 (cli) (built: Jul 12 2013 20:35:47) \nCopyright (c) 1997-2010 The PHP Group\nZend Engine v2.3.0, Copyright (c) 1998-2010 Zend Technologies\n"
stderr ""
exit_status 0

platform "ubuntu-10.04"
arch "x86"
env []
params "-v"
stdout ""
stderr "bash: line 2: php: command not found\n"
exit_status 127

platform "ubuntu-10.04"
arch "x86"
env ["php"]
params "-v"
stdout "PHP 5.3.2-1ubuntu4.20 with Suhosin-Patch (cli) (built: Jul 15 2013 17:15:36) \nCopyright (c) 1997-2009 The PHP Group\nZend Engine v2.3.0, Copyright (c) 1998-2010 Zend Technologies\n"
stderr ""
exit_status 0

platform "ubuntu-10.04"
arch "x64"
env []
params "-v"
stdout ""
stderr "bash: line 2: php: command not found\n"
exit_status 127

platform "ubuntu-10.04"
arch "x64"
env ["php"]
params "-v"
stdout "PHP 5.3.2-1ubuntu4.20 with Suhosin-Patch (cli) (built: Jul 15 2013 17:10:50) \nCopyright (c) 1997-2009 The PHP Group\nZend Engine v2.3.0, Copyright (c) 1998-2010 Zend Technologies\n"
stderr ""
exit_status 0

platform "ubuntu-12.04"
arch "x86"
env []
params "-v"
stdout ""
stderr "bash: line 2: php: command not found\n"
exit_status 127

platform "ubuntu-12.04"
arch "x86"
env ["php"]
params "-v"
stdout "PHP 5.3.10-1ubuntu3.7 with Suhosin-Patch (cli) (built: Jul 15 2013 18:10:56) \nCopyright (c) 1997-2012 The PHP Group\nZend Engine v2.3.0, Copyright (c) 1998-2012 Zend Technologies\n"
stderr ""
exit_status 0

platform "ubuntu-12.04"
arch "x64"
env []
params "-v"
stdout ""
stderr "bash: line 2: php: command not found\n"
exit_status 127

platform "ubuntu-12.04"
arch "x64"
env ["php"]
params "-v"
stdout "PHP 5.3.10-1ubuntu3.7 with Suhosin-Patch (cli) (built: Jul 15 2013 18:05:44) \nCopyright (c) 1997-2012 The PHP Group\nZend Engine v2.3.0, Copyright (c) 1998-2012 Zend Technologies\n"
stderr ""
exit_status 0

platform "ubuntu-13.04"
arch "x64"
env []
params "-v"
stdout ""
stderr "bash: line 2: php: command not found\n"
exit_status 127

platform "ubuntu-13.04"
arch "x64"
env ["php"]
params "-v"
stdout "PHP 5.4.9-4ubuntu2.2 (cli) (built: Jul 15 2013 18:23:35) \nCopyright (c) 1997-2012 The PHP Group\nZend Engine v2.4.0, Copyright (c) 1998-2012 Zend Technologies\n"
stderr ""
exit_status 0

platform "ubuntu-14.04"
arch "x64"
env []
params "-v"
stdout ""
stderr "bash: line 2: php: command not found\n"
exit_status 127

platform "ubuntu-14.04"
arch "x64"
env ["php"]
params "-v"
stdout "PHP 5.5.9-1ubuntu4.5 (cli) (built: Oct 29 2014 11:59:10) \nCopyright (c) 1997-2014 The PHP Group\nZend Engine v2.5.0, Copyright (c) 1998-2014 Zend Technologies\n    with Zend OPcache v7.0.3, Copyright (c) 1999-2014, by Zend Technologies"
stderr ""
exit_status 0
