rubygem-chef 12.6.0_1
rubygem-chef-config 12.6.0_1
rubygem-chef-zero 4.4.2_1
rubygem-coderay 1.1.1
rubygem-diff-lcs 1.2.5_1
rubygem-domain_name 0.5.24
rubygem-erubis 2.7.0_1
rubygem-ffi 1.9.10
rubygem-ffi-yajl 2.2.3
rubygem-hashie 3.4.3
rubygem-hashie2 2.1.2
rubygem-highline 1.7.8
rubygem-http-cookie 1.0.2
rubygem-ipaddress 0.8.3
rubygem-json 1.8.3
rubygem-json_pure 1.8.3
rubygem-libyajl2 1.2.0
rubygem-method_source 0.8.2
rubygem-mime-types 2.99
rubygem-mime-types1 1.25.1
rubygem-mixlib-authentication 1.3.0
rubygem-mixlib-cli 1.4.0
rubygem-mixlib-config 2.1.0
rubygem-mixlib-log 1.6.0
rubygem-mixlib-shellout 2.2.5_1
rubygem-multi_json 1.11.2
rubygem-net-scp 1.2.1
rubygem-net-ssh 3.0.2,2
rubygem-net-ssh-gateway 1.2.0
rubygem-net-ssh-multi 1.2.1
rubygem-net-ssh2 2.9.2,1
rubygem-net-telnet 0.1.1
rubygem-netrc 0.7.7
rubygem-ohai 8.8.1
rubygem-plist 3.1.0
rubygem-proxifier 1.0.3
rubygem-pry 0.10.3_2
rubygem-rack 1.4.7,3
rubygem-rake 10.5.0
rubygem-rest-client 1.8.0
rubygem-rspec 3.4.0
rubygem-rspec-core 3.4.4
rubygem-rspec-expectations 3.4.0
rubygem-rspec-its 1.2.0_1
rubygem-rspec-mocks 3.4.1
rubygem-rspec-support 3.4.1
rubygem-rspec_junit_formatter 0.2.3_1
rubygem-ruby-termios 0.9.6
rubygem-serverspec 2.29.1_1
rubygem-sfl 2.2_1
rubygem-slop3 3.6.0
rubygem-specinfra 2.50.2_1
rubygem-syslog-logger 1.6.8
rubygem-systemu 2.6.4
rubygem-unf 0.1.4
rubygem-unf_ext 0.0.7.1
rubygem-uuidtools 2.1.5
rubygem-wmi-lite 1.0.0
